<?xml version="1.0" encoding="UTF-8"?>
<coverage generated="1632640862901" clover="3.2.0">
  <project timestamp="1632640862901" name="All files">
    <metrics statements="264" coveredstatements="253" conditionals="145" coveredconditionals="107" methods="51" coveredmethods="44" elements="460" coveredelements="404" complexity="0" loc="264" ncloc="264" packages="1" files="3" classes="3"/>
    <file name="PullToRefresh.tsx" path="/Users/benjamin.js/Projects/react-awesome-pull-to-refresh/src/PullToRefresh.tsx">
      <metrics statements="10" coveredstatements="10" conditionals="9" coveredconditionals="8" methods="4" coveredmethods="4"/>
      <line num="16" count="1" type="stmt"/>
      <line num="21" count="22" type="stmt"/>
      <line num="22" count="16" type="stmt"/>
      <line num="27" count="22" type="stmt"/>
      <line num="29" count="16" type="cond" truecount="1" falsecount="1"/>
      <line num="30" count="16" type="stmt"/>
      <line num="31" count="16" type="stmt"/>
      <line num="33" count="16" type="stmt"/>
      <line num="34" count="16" type="stmt"/>
      <line num="39" count="22" type="cond" truecount="5" falsecount="0"/>
    </file>
    <file name="PullToRefreshForBounce.tsx" path="/Users/benjamin.js/Projects/react-awesome-pull-to-refresh/src/PullToRefreshForBounce.tsx">
      <metrics statements="117" coveredstatements="114" conditionals="62" coveredconditionals="45" methods="21" coveredmethods="18"/>
      <line num="8" count="1" type="stmt"/>
      <line num="12" count="1" type="stmt"/>
      <line num="31" count="16" type="stmt"/>
      <line num="32" count="16" type="stmt"/>
      <line num="33" count="16" type="stmt"/>
      <line num="34" count="16" type="stmt"/>
      <line num="35" count="16" type="stmt"/>
      <line num="36" count="16" type="stmt"/>
      <line num="37" count="16" type="stmt"/>
      <line num="39" count="16" type="stmt"/>
      <line num="41" count="16" type="stmt"/>
      <line num="42" count="10" type="cond" truecount="2" falsecount="0"/>
      <line num="43" count="10" type="stmt"/>
      <line num="44" count="10" type="stmt"/>
      <line num="45" count="10" type="stmt"/>
      <line num="46" count="10" type="stmt"/>
      <line num="47" count="10" type="cond" truecount="1" falsecount="1"/>
      <line num="48" count="10" type="cond" truecount="2" falsecount="0"/>
      <line num="49" count="1" type="stmt"/>
      <line num="50" count="10" type="stmt"/>
      <line num="51" count="10" type="stmt"/>
      <line num="52" count="10" type="stmt"/>
      <line num="53" count="9" type="stmt"/>
      <line num="54" count="9" type="stmt"/>
      <line num="55" count="9" type="cond" truecount="2" falsecount="0"/>
      <line num="56" count="4" type="stmt"/>
      <line num="57" count="4" type="stmt"/>
      <line num="61" count="10" type="cond" truecount="1" falsecount="1"/>
      <line num="62" count="10" type="stmt"/>
      <line num="63" count="10" type="stmt"/>
      <line num="64" count="10" type="stmt"/>
      <line num="65" count="9" type="stmt"/>
      <line num="70" count="16" type="stmt"/>
      <line num="71" count="6" type="stmt"/>
      <line num="72" count="6" type="cond" truecount="1" falsecount="1"/>
      <line num="73" count="6" type="stmt"/>
      <line num="77" count="16" type="stmt"/>
      <line num="79" count="6" type="stmt"/>
      <line num="80" count="6" type="cond" truecount="1" falsecount="1"/>
      <line num="81" count="6" type="stmt"/>
      <line num="87" count="16" type="stmt"/>
      <line num="89" count="6" type="stmt"/>
      <line num="90" count="6" type="stmt"/>
      <line num="92" count="6" type="cond" truecount="1" falsecount="1"/>
      <line num="93" count="6" type="cond" truecount="2" falsecount="0"/>
      <line num="94" count="3" type="stmt"/>
      <line num="95" count="3" type="stmt"/>
      <line num="96" count="3" type="stmt"/>
      <line num="97" count="3" type="cond" truecount="1" falsecount="1"/>
      <line num="98" count="3" type="stmt"/>
      <line num="99" count="3" type="stmt"/>
      <line num="101" count="3" type="stmt"/>
      <line num="102" count="3" type="cond" truecount="1" falsecount="1"/>
      <line num="103" count="3" type="stmt"/>
      <line num="106" count="3" type="stmt"/>
      <line num="107" count="3" type="stmt"/>
      <line num="108" count="3" type="stmt"/>
      <line num="111" count="3" type="stmt"/>
      <line num="112" count="3" type="cond" truecount="1" falsecount="1"/>
      <line num="113" count="3" type="stmt"/>
      <line num="114" count="3" type="stmt"/>
      <line num="116" count="3" type="stmt"/>
      <line num="117" count="3" type="cond" truecount="1" falsecount="1"/>
      <line num="118" count="3" type="stmt"/>
      <line num="119" count="3" type="stmt"/>
      <line num="120" count="3" type="stmt"/>
      <line num="121" count="3" type="stmt"/>
      <line num="129" count="16" type="stmt"/>
      <line num="130" count="6" type="stmt"/>
      <line num="131" count="6" type="cond" truecount="1" falsecount="1"/>
      <line num="132" count="6" type="stmt"/>
      <line num="133" count="6" type="cond" truecount="3" falsecount="1"/>
      <line num="134" count="0" type="stmt"/>
      <line num="136" count="6" type="stmt"/>
      <line num="140" count="16" type="stmt"/>
      <line num="141" count="11" type="stmt"/>
      <line num="142" count="11" type="cond" truecount="2" falsecount="0"/>
      <line num="143" count="9" type="stmt"/>
      <line num="147" count="16" type="stmt"/>
      <line num="148" count="2" type="stmt"/>
      <line num="149" count="2" type="cond" truecount="1" falsecount="1"/>
      <line num="150" count="2" type="stmt"/>
      <line num="152" count="2" type="stmt"/>
      <line num="153" count="2" type="cond" truecount="1" falsecount="1"/>
      <line num="154" count="2" type="stmt"/>
      <line num="155" count="2" type="stmt"/>
      <line num="157" count="2" type="stmt"/>
      <line num="158" count="2" type="cond" truecount="1" falsecount="1"/>
      <line num="159" count="0" type="stmt"/>
      <line num="160" count="0" type="stmt"/>
      <line num="163" count="2" type="stmt"/>
      <line num="174" count="16" type="stmt"/>
      <line num="175" count="16" type="stmt"/>
      <line num="176" count="6" type="stmt"/>
      <line num="177" count="6" type="cond" truecount="3" falsecount="0"/>
      <line num="178" count="6" type="stmt"/>
      <line num="181" count="16" type="stmt"/>
      <line num="182" count="3" type="cond" truecount="4" falsecount="0"/>
      <line num="183" count="2" type="stmt"/>
      <line num="184" count="2" type="stmt"/>
      <line num="185" count="2" type="stmt"/>
      <line num="186" count="1" type="cond" truecount="1" falsecount="1"/>
      <line num="187" count="1" type="stmt"/>
      <line num="188" count="1" type="stmt"/>
      <line num="189" count="1" type="stmt"/>
      <line num="192" count="16" type="stmt"/>
      <line num="193" count="16" type="cond" truecount="1" falsecount="1"/>
      <line num="194" count="16" type="stmt"/>
      <line num="195" count="16" type="stmt"/>
      <line num="196" count="16" type="stmt"/>
      <line num="197" count="16" type="stmt"/>
      <line num="198" count="16" type="stmt"/>
      <line num="214" count="16" type="stmt"/>
      <line num="215" count="8" type="stmt"/>
      <line num="216" count="8" type="cond" truecount="1" falsecount="1"/>
      <line num="217" count="8" type="stmt"/>
      <line num="221" count="16" type="stmt"/>
    </file>
    <file name="PullToRefreshForNoBounce.tsx" path="/Users/benjamin.js/Projects/react-awesome-pull-to-refresh/src/PullToRefreshForNoBounce.tsx">
      <metrics statements="137" coveredstatements="129" conditionals="74" coveredconditionals="54" methods="26" coveredmethods="22"/>
      <line num="7" count="1" type="stmt"/>
      <line num="38" count="1" type="stmt"/>
      <line num="58" count="27" type="stmt"/>
      <line num="59" count="27" type="stmt"/>
      <line num="60" count="27" type="stmt"/>
      <line num="61" count="27" type="stmt"/>
      <line num="62" count="27" type="stmt"/>
      <line num="63" count="27" type="stmt"/>
      <line num="64" count="27" type="stmt"/>
      <line num="65" count="27" type="stmt"/>
      <line num="66" count="27" type="stmt"/>
      <line num="68" count="27" type="stmt"/>
      <line num="69" count="27" type="stmt"/>
      <line num="71" count="27" type="stmt"/>
      <line num="72" count="10" type="cond" truecount="2" falsecount="0"/>
      <line num="73" count="10" type="stmt"/>
      <line num="74" count="10" type="stmt"/>
      <line num="75" count="10" type="stmt"/>
      <line num="76" count="10" type="stmt"/>
      <line num="77" count="10" type="cond" truecount="1" falsecount="1"/>
      <line num="78" count="10" type="cond" truecount="2" falsecount="0"/>
      <line num="79" count="1" type="stmt"/>
      <line num="80" count="10" type="stmt"/>
      <line num="81" count="10" type="stmt"/>
      <line num="82" count="10" type="stmt"/>
      <line num="83" count="1" type="stmt"/>
      <line num="84" count="1" type="stmt"/>
      <line num="85" count="1" type="cond" truecount="1" falsecount="1"/>
      <line num="86" count="0" type="stmt"/>
      <line num="87" count="0" type="stmt"/>
      <line num="91" count="10" type="cond" truecount="1" falsecount="1"/>
      <line num="92" count="10" type="stmt"/>
      <line num="93" count="10" type="stmt"/>
      <line num="94" count="10" type="stmt"/>
      <line num="95" count="1" type="stmt"/>
      <line num="100" count="27" type="stmt"/>
      <line num="101" count="2" type="stmt"/>
      <line num="102" count="2" type="cond" truecount="1" falsecount="1"/>
      <line num="103" count="2" type="stmt"/>
      <line num="104" count="2" type="stmt"/>
      <line num="106" count="2" type="stmt"/>
      <line num="107" count="2" type="cond" truecount="1" falsecount="1"/>
      <line num="108" count="2" type="stmt"/>
      <line num="109" count="2" type="cond" truecount="1" falsecount="1"/>
      <line num="110" count="2" type="stmt"/>
      <line num="111" count="2" type="stmt"/>
      <line num="113" count="2" type="stmt"/>
      <line num="114" count="2" type="cond" truecount="1" falsecount="1"/>
      <line num="115" count="0" type="stmt"/>
      <line num="116" count="0" type="stmt"/>
      <line num="119" count="2" type="stmt"/>
      <line num="131" count="27" type="stmt"/>
      <line num="134" count="11" type="cond" truecount="2" falsecount="0"/>
      <line num="135" count="10" type="stmt"/>
      <line num="139" count="27" type="stmt"/>
      <line num="141" count="11" type="stmt"/>
      <line num="142" count="11" type="cond" truecount="1" falsecount="1"/>
      <line num="143" count="11" type="stmt"/>
      <line num="149" count="27" type="stmt"/>
      <line num="151" count="6" type="stmt"/>
      <line num="152" count="6" type="stmt"/>
      <line num="153" count="6" type="stmt"/>
      <line num="155" count="6" type="cond" truecount="3" falsecount="1"/>
      <line num="156" count="6" type="stmt"/>
      <line num="157" count="6" type="cond" truecount="2" falsecount="0"/>
      <line num="158" count="3" type="stmt"/>
      <line num="159" count="3" type="stmt"/>
      <line num="160" count="3" type="stmt"/>
      <line num="161" count="3" type="cond" truecount="1" falsecount="1"/>
      <line num="162" count="3" type="stmt"/>
      <line num="163" count="3" type="stmt"/>
      <line num="165" count="3" type="stmt"/>
      <line num="166" count="3" type="cond" truecount="1" falsecount="1"/>
      <line num="167" count="3" type="stmt"/>
      <line num="170" count="3" type="stmt"/>
      <line num="171" count="3" type="stmt"/>
      <line num="172" count="3" type="stmt"/>
      <line num="175" count="3" type="stmt"/>
      <line num="176" count="3" type="cond" truecount="1" falsecount="1"/>
      <line num="177" count="3" type="stmt"/>
      <line num="178" count="3" type="stmt"/>
      <line num="180" count="3" type="stmt"/>
      <line num="181" count="3" type="cond" truecount="1" falsecount="1"/>
      <line num="182" count="3" type="stmt"/>
      <line num="183" count="3" type="stmt"/>
      <line num="184" count="3" type="stmt"/>
      <line num="185" count="3" type="stmt"/>
      <line num="193" count="27" type="stmt"/>
      <line num="195" count="6" type="cond" truecount="2" falsecount="0"/>
      <line num="196" count="1" type="stmt"/>
      <line num="198" count="6" type="stmt"/>
      <line num="199" count="6" type="cond" truecount="3" falsecount="1"/>
      <line num="200" count="0" type="stmt"/>
      <line num="202" count="6" type="stmt"/>
      <line num="203" count="6" type="stmt"/>
      <line num="208" count="27" type="stmt"/>
      <line num="209" count="5" type="stmt"/>
      <line num="212" count="27" type="stmt"/>
      <line num="213" count="16" type="stmt"/>
      <line num="214" count="5" type="stmt"/>
      <line num="215" count="5" type="cond" truecount="3" falsecount="0"/>
      <line num="216" count="5" type="stmt"/>
      <line num="219" count="16" type="stmt"/>
      <line num="220" count="6" type="stmt"/>
      <line num="221" count="6" type="cond" truecount="3" falsecount="0"/>
      <line num="222" count="6" type="stmt"/>
      <line num="225" count="16" type="stmt"/>
      <line num="226" count="3" type="cond" truecount="4" falsecount="0"/>
      <line num="227" count="2" type="stmt"/>
      <line num="228" count="2" type="stmt"/>
      <line num="229" count="2" type="stmt"/>
      <line num="230" count="1" type="cond" truecount="1" falsecount="1"/>
      <line num="231" count="1" type="stmt"/>
      <line num="232" count="1" type="stmt"/>
      <line num="233" count="1" type="stmt"/>
      <line num="236" count="16" type="stmt"/>
      <line num="237" count="16" type="cond" truecount="1" falsecount="1"/>
      <line num="238" count="16" type="stmt"/>
      <line num="239" count="16" type="stmt"/>
      <line num="240" count="16" type="stmt"/>
      <line num="241" count="16" type="stmt"/>
      <line num="242" count="16" type="stmt"/>
      <line num="243" count="16" type="stmt"/>
      <line num="244" count="16" type="stmt"/>
      <line num="261" count="27" type="stmt"/>
      <line num="262" count="11" type="stmt"/>
      <line num="263" count="11" type="cond" truecount="2" falsecount="0"/>
      <line num="264" count="9" type="stmt"/>
      <line num="268" count="27" type="stmt"/>
      <line num="269" count="19" type="stmt"/>
      <line num="270" count="19" type="cond" truecount="2" falsecount="0"/>
      <line num="271" count="8" type="cond" truecount="1" falsecount="1"/>
      <line num="272" count="0" type="stmt"/>
      <line num="273" count="0" type="cond" truecount="0" falsecount="2"/>
      <line num="274" count="0" type="stmt"/>
      <line num="277" count="8" type="stmt"/>
      <line num="281" count="27" type="stmt"/>
    </file>
  </project>
</coverage>
