{"/Users/benjamin.js/Projects/react-awesome-pull-to-refresh/src/PullToRefresh.tsx": {"path":"/Users/benjamin.js/Projects/react-awesome-pull-to-refresh/src/PullToRefresh.tsx","statementMap":{"0":{"start":{"line":16,"column":22},"end":{"line":44,"column":1}},"1":{"start":{"line":21,"column":16},"end":{"line":25,"column":8}},"2":{"start":{"line":22,"column":4},"end":{"line":24,"column":6}},"3":{"start":{"line":27,"column":2},"end":{"line":37,"column":9}},"4":{"start":{"line":29,"column":4},"end":{"line":36,"column":5}},"5":{"start":{"line":30,"column":26},"end":{"line":30,"column":65}},"6":{"start":{"line":31,"column":6},"end":{"line":31,"column":58}},"7":{"start":{"line":33,"column":6},"end":{"line":35,"column":8}},"8":{"start":{"line":34,"column":8},"end":{"line":34,"column":62}},"9":{"start":{"line":39,"column":2},"end":{"line":43,"column":4}}},"fnMap":{"0":{"name":"(anonymous_0)","decl":{"start":{"line":16,"column":22},"end":{"line":16,"column":23}},"loc":{"start":{"line":20,"column":26},"end":{"line":44,"column":1}},"line":20},"1":{"name":"(anonymous_1)","decl":{"start":{"line":21,"column":24},"end":{"line":21,"column":25}},"loc":{"start":{"line":21,"column":30},"end":{"line":25,"column":3}},"line":21},"2":{"name":"(anonymous_2)","decl":{"start":{"line":27,"column":12},"end":{"line":27,"column":13}},"loc":{"start":{"line":27,"column":18},"end":{"line":37,"column":3}},"line":27},"3":{"name":"(anonymous_3)","decl":{"start":{"line":33,"column":13},"end":{"line":33,"column":14}},"loc":{"start":{"line":33,"column":19},"end":{"line":35,"column":7}},"line":33}},"branchMap":{"0":{"loc":{"start":{"line":23,"column":6},"end":{"line":23,"column":89}},"type":"binary-expr","locations":[{"start":{"line":23,"column":6},"end":{"line":23,"column":35}},{"start":{"line":23,"column":39},"end":{"line":23,"column":89}}],"line":23},"1":{"loc":{"start":{"line":29,"column":4},"end":{"line":36,"column":5}},"type":"if","locations":[{"start":{"line":29,"column":4},"end":{"line":36,"column":5}},{"start":{"line":29,"column":4},"end":{"line":36,"column":5}}],"line":29},"2":{"loc":{"start":{"line":39,"column":9},"end":{"line":43,"column":3}},"type":"cond-expr","locations":[{"start":{"line":40,"column":4},"end":{"line":40,"column":41}},{"start":{"line":42,"column":4},"end":{"line":42,"column":43}}],"line":39},"3":{"loc":{"start":{"line":39,"column":9},"end":{"line":39,"column":62}},"type":"binary-expr","locations":[{"start":{"line":39,"column":9},"end":{"line":39,"column":26}},{"start":{"line":39,"column":31},"end":{"line":39,"column":36}},{"start":{"line":39,"column":40},"end":{"line":39,"column":61}}],"line":39}},"s":{"0":1,"1":22,"2":16,"3":22,"4":16,"5":16,"6":16,"7":16,"8":16,"9":22},"f":{"0":22,"1":16,"2":16,"3":16},"b":{"0":[16,16],"1":[16,0],"2":[11,11],"3":[22,21,11]},"_coverageSchema":"1a1c01bbd47fc00a2c39e90264f33305004495a9","hash":"e59eeb760bb99dbda1e283569469236424374d70"}
,"/Users/benjamin.js/Projects/react-awesome-pull-to-refresh/src/PullToRefreshForBounce.tsx": {"path":"/Users/benjamin.js/Projects/react-awesome-pull-to-refresh/src/PullToRefreshForBounce.tsx","statementMap":{"0":{"start":{"line":8,"column":41},"end":{"line":8,"column":79}},"1":{"start":{"line":12,"column":31},"end":{"line":240,"column":1}},"2":{"start":{"line":31,"column":21},"end":{"line":31,"column":49}},"3":{"start":{"line":32,"column":21},"end":{"line":32,"column":51}},"4":{"start":{"line":33,"column":24},"end":{"line":33,"column":46}},"5":{"start":{"line":34,"column":26},"end":{"line":34,"column":48}},"6":{"start":{"line":35,"column":27},"end":{"line":35,"column":68}},"7":{"start":{"line":36,"column":26},"end":{"line":36,"column":67}},"8":{"start":{"line":37,"column":19},"end":{"line":37,"column":53}},"9":{"start":{"line":39,"column":44},"end":{"line":39,"column":59}},"10":{"start":{"line":41,"column":27},"end":{"line":68,"column":78}},"11":{"start":{"line":42,"column":22},"end":{"line":42,"column":77}},"12":{"start":{"line":43,"column":4},"end":{"line":43,"column":31}},"13":{"start":{"line":44,"column":4},"end":{"line":44,"column":33}},"14":{"start":{"line":45,"column":22},"end":{"line":45,"column":39}},"15":{"start":{"line":46,"column":29},"end":{"line":46,"column":47}},"16":{"start":{"line":47,"column":4},"end":{"line":60,"column":5}},"17":{"start":{"line":48,"column":6},"end":{"line":49,"column":77}},"18":{"start":{"line":49,"column":40},"end":{"line":49,"column":74}},"19":{"start":{"line":50,"column":6},"end":{"line":50,"column":59}},"20":{"start":{"line":51,"column":6},"end":{"line":51,"column":43}},"21":{"start":{"line":52,"column":6},"end":{"line":59,"column":36}},"22":{"start":{"line":53,"column":8},"end":{"line":53,"column":64}},"23":{"start":{"line":54,"column":8},"end":{"line":54,"column":47}},"24":{"start":{"line":55,"column":8},"end":{"line":58,"column":9}},"25":{"start":{"line":56,"column":10},"end":{"line":56,"column":34}},"26":{"start":{"line":57,"column":10},"end":{"line":57,"column":36}},"27":{"start":{"line":61,"column":4},"end":{"line":67,"column":5}},"28":{"start":{"line":62,"column":6},"end":{"line":62,"column":57}},"29":{"start":{"line":63,"column":6},"end":{"line":63,"column":74}},"30":{"start":{"line":64,"column":6},"end":{"line":66,"column":36}},"31":{"start":{"line":65,"column":8},"end":{"line":65,"column":70}},"32":{"start":{"line":70,"column":30},"end":{"line":75,"column":28}},"33":{"start":{"line":71,"column":22},"end":{"line":71,"column":39}},"34":{"start":{"line":72,"column":4},"end":{"line":74,"column":5}},"35":{"start":{"line":73,"column":6},"end":{"line":73,"column":76}},"36":{"start":{"line":77,"column":31},"end":{"line":85,"column":3}},"37":{"start":{"line":79,"column":6},"end":{"line":79,"column":28}},"38":{"start":{"line":80,"column":6},"end":{"line":82,"column":7}},"39":{"start":{"line":81,"column":8},"end":{"line":81,"column":13}},"40":{"start":{"line":87,"column":22},"end":{"line":127,"column":3}},"41":{"start":{"line":89,"column":31},"end":{"line":89,"column":49}},"42":{"start":{"line":90,"column":25},"end":{"line":90,"column":43}},"43":{"start":{"line":92,"column":6},"end":{"line":124,"column":7}},"44":{"start":{"line":93,"column":8},"end":{"line":123,"column":9}},"45":{"start":{"line":94,"column":10},"end":{"line":94,"column":34}},"46":{"start":{"line":95,"column":27},"end":{"line":95,"column":49}},"47":{"start":{"line":96,"column":10},"end":{"line":96,"column":29}},"48":{"start":{"line":97,"column":10},"end":{"line":100,"column":11}},"49":{"start":{"line":98,"column":12},"end":{"line":98,"column":39}},"50":{"start":{"line":99,"column":12},"end":{"line":99,"column":41}},"51":{"start":{"line":101,"column":10},"end":{"line":101,"column":71}},"52":{"start":{"line":102,"column":10},"end":{"line":109,"column":11}},"53":{"start":{"line":103,"column":27},"end":{"line":105,"column":18}},"54":{"start":{"line":106,"column":12},"end":{"line":106,"column":54}},"55":{"start":{"line":107,"column":12},"end":{"line":107,"column":48}},"56":{"start":{"line":108,"column":12},"end":{"line":108,"column":48}},"57":{"start":{"line":111,"column":10},"end":{"line":111,"column":22}},"58":{"start":{"line":112,"column":10},"end":{"line":115,"column":11}},"59":{"start":{"line":113,"column":12},"end":{"line":113,"column":44}},"60":{"start":{"line":114,"column":12},"end":{"line":114,"column":46}},"61":{"start":{"line":116,"column":10},"end":{"line":116,"column":33}},"62":{"start":{"line":117,"column":10},"end":{"line":122,"column":11}},"63":{"start":{"line":118,"column":27},"end":{"line":118,"column":68}},"64":{"start":{"line":119,"column":12},"end":{"line":119,"column":54}},"65":{"start":{"line":120,"column":12},"end":{"line":120,"column":48}},"66":{"start":{"line":121,"column":12},"end":{"line":121,"column":45}},"67":{"start":{"line":129,"column":28},"end":{"line":138,"column":41}},"68":{"start":{"line":130,"column":22},"end":{"line":130,"column":39}},"69":{"start":{"line":131,"column":4},"end":{"line":137,"column":5}},"70":{"start":{"line":132,"column":27},"end":{"line":132,"column":72}},"71":{"start":{"line":133,"column":6},"end":{"line":135,"column":7}},"72":{"start":{"line":134,"column":8},"end":{"line":134,"column":15}},"73":{"start":{"line":136,"column":6},"end":{"line":136,"column":32}},"74":{"start":{"line":140,"column":2},"end":{"line":145,"column":39}},"75":{"start":{"line":141,"column":4},"end":{"line":141,"column":43}},"76":{"start":{"line":142,"column":4},"end":{"line":144,"column":5}},"77":{"start":{"line":143,"column":6},"end":{"line":143,"column":25}},"78":{"start":{"line":147,"column":18},"end":{"line":172,"column":4}},"79":{"start":{"line":148,"column":22},"end":{"line":148,"column":39}},"80":{"start":{"line":149,"column":4},"end":{"line":151,"column":5}},"81":{"start":{"line":150,"column":6},"end":{"line":150,"column":74}},"82":{"start":{"line":152,"column":4},"end":{"line":152,"column":35}},"83":{"start":{"line":153,"column":4},"end":{"line":156,"column":5}},"84":{"start":{"line":154,"column":6},"end":{"line":154,"column":36}},"85":{"start":{"line":155,"column":6},"end":{"line":155,"column":38}},"86":{"start":{"line":157,"column":4},"end":{"line":157,"column":28}},"87":{"start":{"line":158,"column":4},"end":{"line":164,"column":5}},"88":{"start":{"line":159,"column":6},"end":{"line":161,"column":23}},"89":{"start":{"line":160,"column":8},"end":{"line":160,"column":20}},"90":{"start":{"line":163,"column":6},"end":{"line":163,"column":18}},"91":{"start":{"line":174,"column":2},"end":{"line":212,"column":5}},"92":{"start":{"line":175,"column":4},"end":{"line":180,"column":6}},"93":{"start":{"line":176,"column":6},"end":{"line":179,"column":8}},"94":{"start":{"line":177,"column":14},"end":{"line":177,"column":78}},"95":{"start":{"line":178,"column":14},"end":{"line":178,"column":33}},"96":{"start":{"line":181,"column":4},"end":{"line":191,"column":6}},"97":{"start":{"line":182,"column":6},"end":{"line":190,"column":7}},"98":{"start":{"line":183,"column":8},"end":{"line":183,"column":22}},"99":{"start":{"line":184,"column":8},"end":{"line":184,"column":20}},"100":{"start":{"line":185,"column":8},"end":{"line":185,"column":18}},"101":{"start":{"line":186,"column":13},"end":{"line":190,"column":7}},"102":{"start":{"line":187,"column":8},"end":{"line":187,"column":22}},"103":{"start":{"line":188,"column":8},"end":{"line":188,"column":20}},"104":{"start":{"line":189,"column":8},"end":{"line":189,"column":27}},"105":{"start":{"line":192,"column":22},"end":{"line":192,"column":39}},"106":{"start":{"line":193,"column":4},"end":{"line":200,"column":5}},"107":{"start":{"line":194,"column":6},"end":{"line":194,"column":72}},"108":{"start":{"line":195,"column":6},"end":{"line":195,"column":70}},"109":{"start":{"line":196,"column":6},"end":{"line":199,"column":8}},"110":{"start":{"line":197,"column":8},"end":{"line":197,"column":77}},"111":{"start":{"line":198,"column":8},"end":{"line":198,"column":75}},"112":{"start":{"line":214,"column":2},"end":{"line":219,"column":18}},"113":{"start":{"line":215,"column":22},"end":{"line":215,"column":39}},"114":{"start":{"line":216,"column":4},"end":{"line":218,"column":5}},"115":{"start":{"line":217,"column":6},"end":{"line":217,"column":68}},"116":{"start":{"line":221,"column":2},"end":{"line":239,"column":4}}},"fnMap":{"0":{"name":"(anonymous_0)","decl":{"start":{"line":12,"column":31},"end":{"line":12,"column":32}},"loc":{"start":{"line":30,"column":35},"end":{"line":240,"column":1}},"line":30},"1":{"name":"(anonymous_1)","decl":{"start":{"line":35,"column":59},"end":{"line":35,"column":60}},"loc":{"start":{"line":35,"column":65},"end":{"line":35,"column":67}},"line":35},"2":{"name":"(anonymous_2)","decl":{"start":{"line":36,"column":58},"end":{"line":36,"column":59}},"loc":{"start":{"line":36,"column":64},"end":{"line":36,"column":66}},"line":36},"3":{"name":"(anonymous_3)","decl":{"start":{"line":41,"column":39},"end":{"line":41,"column":40}},"loc":{"start":{"line":41,"column":51},"end":{"line":68,"column":3}},"line":41},"4":{"name":"(anonymous_4)","decl":{"start":{"line":49,"column":27},"end":{"line":49,"column":28}},"loc":{"start":{"line":49,"column":40},"end":{"line":49,"column":74}},"line":49},"5":{"name":"(anonymous_5)","decl":{"start":{"line":52,"column":17},"end":{"line":52,"column":18}},"loc":{"start":{"line":52,"column":23},"end":{"line":59,"column":7}},"line":52},"6":{"name":"(anonymous_6)","decl":{"start":{"line":64,"column":17},"end":{"line":64,"column":18}},"loc":{"start":{"line":64,"column":23},"end":{"line":66,"column":7}},"line":64},"7":{"name":"(anonymous_7)","decl":{"start":{"line":70,"column":42},"end":{"line":70,"column":43}},"loc":{"start":{"line":70,"column":48},"end":{"line":75,"column":3}},"line":70},"8":{"name":"(anonymous_8)","decl":{"start":{"line":78,"column":4},"end":{"line":78,"column":5}},"loc":{"start":{"line":78,"column":25},"end":{"line":83,"column":5}},"line":78},"9":{"name":"(anonymous_9)","decl":{"start":{"line":88,"column":4},"end":{"line":88,"column":5}},"loc":{"start":{"line":88,"column":24},"end":{"line":125,"column":5}},"line":88},"10":{"name":"(anonymous_10)","decl":{"start":{"line":129,"column":40},"end":{"line":129,"column":41}},"loc":{"start":{"line":129,"column":46},"end":{"line":138,"column":3}},"line":129},"11":{"name":"(anonymous_11)","decl":{"start":{"line":140,"column":12},"end":{"line":140,"column":13}},"loc":{"start":{"line":140,"column":18},"end":{"line":145,"column":3}},"line":140},"12":{"name":"(anonymous_12)","decl":{"start":{"line":147,"column":30},"end":{"line":147,"column":31}},"loc":{"start":{"line":147,"column":36},"end":{"line":165,"column":3}},"line":147},"13":{"name":"(anonymous_13)","decl":{"start":{"line":159,"column":17},"end":{"line":159,"column":18}},"loc":{"start":{"line":159,"column":23},"end":{"line":161,"column":7}},"line":159},"14":{"name":"(anonymous_14)","decl":{"start":{"line":174,"column":12},"end":{"line":174,"column":13}},"loc":{"start":{"line":174,"column":18},"end":{"line":201,"column":3}},"line":174},"15":{"name":"(anonymous_15)","decl":{"start":{"line":175,"column":31},"end":{"line":175,"column":32}},"loc":{"start":{"line":175,"column":37},"end":{"line":180,"column":5}},"line":175},"16":{"name":"(anonymous_16)","decl":{"start":{"line":177,"column":8},"end":{"line":177,"column":9}},"loc":{"start":{"line":177,"column":14},"end":{"line":177,"column":78}},"line":177},"17":{"name":"(anonymous_17)","decl":{"start":{"line":178,"column":8},"end":{"line":178,"column":9}},"loc":{"start":{"line":178,"column":14},"end":{"line":178,"column":33}},"line":178},"18":{"name":"(anonymous_18)","decl":{"start":{"line":181,"column":30},"end":{"line":181,"column":31}},"loc":{"start":{"line":181,"column":36},"end":{"line":191,"column":5}},"line":181},"19":{"name":"(anonymous_19)","decl":{"start":{"line":196,"column":13},"end":{"line":196,"column":14}},"loc":{"start":{"line":196,"column":19},"end":{"line":199,"column":7}},"line":196},"20":{"name":"(anonymous_20)","decl":{"start":{"line":214,"column":12},"end":{"line":214,"column":13}},"loc":{"start":{"line":214,"column":18},"end":{"line":219,"column":3}},"line":214}},"branchMap":{"0":{"loc":{"start":{"line":14,"column":2},"end":{"line":14,"column":15}},"type":"default-arg","locations":[{"start":{"line":14,"column":14},"end":{"line":14,"column":15}}],"line":14},"1":{"loc":{"start":{"line":15,"column":2},"end":{"line":15,"column":21}},"type":"default-arg","locations":[{"start":{"line":15,"column":20},"end":{"line":15,"column":21}}],"line":15},"2":{"loc":{"start":{"line":16,"column":2},"end":{"line":16,"column":20}},"type":"default-arg","locations":[{"start":{"line":16,"column":18},"end":{"line":16,"column":20}}],"line":16},"3":{"loc":{"start":{"line":17,"column":2},"end":{"line":17,"column":21}},"type":"default-arg","locations":[{"start":{"line":17,"column":19},"end":{"line":17,"column":21}}],"line":17},"4":{"loc":{"start":{"line":19,"column":2},"end":{"line":19,"column":18}},"type":"default-arg","locations":[{"start":{"line":19,"column":17},"end":{"line":19,"column":18}}],"line":19},"5":{"loc":{"start":{"line":23,"column":2},"end":{"line":23,"column":34}},"type":"default-arg","locations":[{"start":{"line":23,"column":16},"end":{"line":23,"column":34}}],"line":23},"6":{"loc":{"start":{"line":28,"column":2},"end":{"line":28,"column":19}},"type":"default-arg","locations":[{"start":{"line":28,"column":18},"end":{"line":28,"column":19}}],"line":28},"7":{"loc":{"start":{"line":42,"column":22},"end":{"line":42,"column":77}},"type":"cond-expr","locations":[{"start":{"line":42,"column":58},"end":{"line":42,"column":68}},{"start":{"line":42,"column":71},"end":{"line":42,"column":77}}],"line":42},"8":{"loc":{"start":{"line":47,"column":4},"end":{"line":60,"column":5}},"type":"if","locations":[{"start":{"line":47,"column":4},"end":{"line":60,"column":5}},{"start":{"line":47,"column":4},"end":{"line":60,"column":5}}],"line":47},"9":{"loc":{"start":{"line":48,"column":6},"end":{"line":49,"column":76}},"type":"binary-expr","locations":[{"start":{"line":48,"column":6},"end":{"line":48,"column":30}},{"start":{"line":49,"column":9},"end":{"line":49,"column":75}}],"line":48},"10":{"loc":{"start":{"line":55,"column":8},"end":{"line":58,"column":9}},"type":"if","locations":[{"start":{"line":55,"column":8},"end":{"line":58,"column":9}},{"start":{"line":55,"column":8},"end":{"line":58,"column":9}}],"line":55},"11":{"loc":{"start":{"line":61,"column":4},"end":{"line":67,"column":5}},"type":"if","locations":[{"start":{"line":61,"column":4},"end":{"line":67,"column":5}},{"start":{"line":61,"column":4},"end":{"line":67,"column":5}}],"line":61},"12":{"loc":{"start":{"line":72,"column":4},"end":{"line":74,"column":5}},"type":"if","locations":[{"start":{"line":72,"column":4},"end":{"line":74,"column":5}},{"start":{"line":72,"column":4},"end":{"line":74,"column":5}}],"line":72},"13":{"loc":{"start":{"line":80,"column":6},"end":{"line":82,"column":7}},"type":"if","locations":[{"start":{"line":80,"column":6},"end":{"line":82,"column":7}},{"start":{"line":80,"column":6},"end":{"line":82,"column":7}}],"line":80},"14":{"loc":{"start":{"line":92,"column":6},"end":{"line":124,"column":7}},"type":"if","locations":[{"start":{"line":92,"column":6},"end":{"line":124,"column":7}},{"start":{"line":92,"column":6},"end":{"line":124,"column":7}}],"line":92},"15":{"loc":{"start":{"line":93,"column":8},"end":{"line":123,"column":9}},"type":"if","locations":[{"start":{"line":93,"column":8},"end":{"line":123,"column":9}},{"start":{"line":93,"column":8},"end":{"line":123,"column":9}}],"line":93},"16":{"loc":{"start":{"line":97,"column":10},"end":{"line":100,"column":11}},"type":"if","locations":[{"start":{"line":97,"column":10},"end":{"line":100,"column":11}},{"start":{"line":97,"column":10},"end":{"line":100,"column":11}}],"line":97},"17":{"loc":{"start":{"line":102,"column":10},"end":{"line":109,"column":11}},"type":"if","locations":[{"start":{"line":102,"column":10},"end":{"line":109,"column":11}},{"start":{"line":102,"column":10},"end":{"line":109,"column":11}}],"line":102},"18":{"loc":{"start":{"line":112,"column":10},"end":{"line":115,"column":11}},"type":"if","locations":[{"start":{"line":112,"column":10},"end":{"line":115,"column":11}},{"start":{"line":112,"column":10},"end":{"line":115,"column":11}}],"line":112},"19":{"loc":{"start":{"line":117,"column":10},"end":{"line":122,"column":11}},"type":"if","locations":[{"start":{"line":117,"column":10},"end":{"line":122,"column":11}},{"start":{"line":117,"column":10},"end":{"line":122,"column":11}}],"line":117},"20":{"loc":{"start":{"line":131,"column":4},"end":{"line":137,"column":5}},"type":"if","locations":[{"start":{"line":131,"column":4},"end":{"line":137,"column":5}},{"start":{"line":131,"column":4},"end":{"line":137,"column":5}}],"line":131},"21":{"loc":{"start":{"line":133,"column":6},"end":{"line":135,"column":7}},"type":"if","locations":[{"start":{"line":133,"column":6},"end":{"line":135,"column":7}},{"start":{"line":133,"column":6},"end":{"line":135,"column":7}}],"line":133},"22":{"loc":{"start":{"line":133,"column":10},"end":{"line":133,"column":50}},"type":"binary-expr","locations":[{"start":{"line":133,"column":10},"end":{"line":133,"column":27}},{"start":{"line":133,"column":31},"end":{"line":133,"column":50}}],"line":133},"23":{"loc":{"start":{"line":142,"column":4},"end":{"line":144,"column":5}},"type":"if","locations":[{"start":{"line":142,"column":4},"end":{"line":144,"column":5}},{"start":{"line":142,"column":4},"end":{"line":144,"column":5}}],"line":142},"24":{"loc":{"start":{"line":149,"column":4},"end":{"line":151,"column":5}},"type":"if","locations":[{"start":{"line":149,"column":4},"end":{"line":151,"column":5}},{"start":{"line":149,"column":4},"end":{"line":151,"column":5}}],"line":149},"25":{"loc":{"start":{"line":153,"column":4},"end":{"line":156,"column":5}},"type":"if","locations":[{"start":{"line":153,"column":4},"end":{"line":156,"column":5}},{"start":{"line":153,"column":4},"end":{"line":156,"column":5}}],"line":153},"26":{"loc":{"start":{"line":158,"column":4},"end":{"line":164,"column":5}},"type":"if","locations":[{"start":{"line":158,"column":4},"end":{"line":164,"column":5}},{"start":{"line":158,"column":4},"end":{"line":164,"column":5}}],"line":158},"27":{"loc":{"start":{"line":177,"column":14},"end":{"line":177,"column":78}},"type":"binary-expr","locations":[{"start":{"line":177,"column":14},"end":{"line":177,"column":35}},{"start":{"line":177,"column":39},"end":{"line":177,"column":51}},{"start":{"line":177,"column":55},"end":{"line":177,"column":78}}],"line":177},"28":{"loc":{"start":{"line":182,"column":6},"end":{"line":190,"column":7}},"type":"if","locations":[{"start":{"line":182,"column":6},"end":{"line":190,"column":7}},{"start":{"line":182,"column":6},"end":{"line":190,"column":7}}],"line":182},"29":{"loc":{"start":{"line":182,"column":10},"end":{"line":182,"column":51}},"type":"binary-expr","locations":[{"start":{"line":182,"column":10},"end":{"line":182,"column":23}},{"start":{"line":182,"column":27},"end":{"line":182,"column":51}}],"line":182},"30":{"loc":{"start":{"line":186,"column":13},"end":{"line":190,"column":7}},"type":"if","locations":[{"start":{"line":186,"column":13},"end":{"line":190,"column":7}},{"start":{"line":186,"column":13},"end":{"line":190,"column":7}}],"line":186},"31":{"loc":{"start":{"line":193,"column":4},"end":{"line":200,"column":5}},"type":"if","locations":[{"start":{"line":193,"column":4},"end":{"line":200,"column":5}},{"start":{"line":193,"column":4},"end":{"line":200,"column":5}}],"line":193},"32":{"loc":{"start":{"line":216,"column":4},"end":{"line":218,"column":5}},"type":"if","locations":[{"start":{"line":216,"column":4},"end":{"line":218,"column":5}},{"start":{"line":216,"column":4},"end":{"line":218,"column":5}}],"line":216},"33":{"loc":{"start":{"line":228,"column":7},"end":{"line":237,"column":7}},"type":"binary-expr","locations":[{"start":{"line":228,"column":7},"end":{"line":228,"column":20}},{"start":{"line":229,"column":8},"end":{"line":236,"column":10}}],"line":228}},"s":{"0":1,"1":1,"2":16,"3":16,"4":16,"5":16,"6":16,"7":16,"8":16,"9":16,"10":16,"11":10,"12":10,"13":10,"14":10,"15":10,"16":10,"17":10,"18":1,"19":10,"20":10,"21":10,"22":9,"23":9,"24":9,"25":4,"26":4,"27":10,"28":10,"29":10,"30":10,"31":9,"32":16,"33":6,"34":6,"35":6,"36":16,"37":6,"38":6,"39":6,"40":16,"41":6,"42":6,"43":6,"44":6,"45":3,"46":3,"47":3,"48":3,"49":3,"50":3,"51":3,"52":3,"53":3,"54":3,"55":3,"56":3,"57":3,"58":3,"59":3,"60":3,"61":3,"62":3,"63":3,"64":3,"65":3,"66":3,"67":16,"68":6,"69":6,"70":6,"71":6,"72":0,"73":6,"74":16,"75":11,"76":11,"77":9,"78":16,"79":2,"80":2,"81":2,"82":2,"83":2,"84":2,"85":2,"86":2,"87":2,"88":0,"89":0,"90":2,"91":16,"92":16,"93":6,"94":6,"95":6,"96":16,"97":3,"98":2,"99":2,"100":2,"101":1,"102":1,"103":1,"104":1,"105":16,"106":16,"107":16,"108":16,"109":16,"110":16,"111":16,"112":16,"113":8,"114":8,"115":8,"116":16},"f":{"0":16,"1":0,"2":0,"3":10,"4":1,"5":9,"6":9,"7":6,"8":6,"9":6,"10":6,"11":11,"12":2,"13":0,"14":16,"15":6,"16":6,"17":6,"18":3,"19":16,"20":8},"b":{"0":[16],"1":[3],"2":[3],"3":[16],"4":[16],"5":[16],"6":[16],"7":[1,9],"8":[10,0],"9":[10,1],"10":[4,5],"11":[10,0],"12":[6,0],"13":[6,0],"14":[6,0],"15":[3,3],"16":[3,0],"17":[3,0],"18":[3,0],"19":[3,0],"20":[6,0],"21":[0,6],"22":[6,6],"23":[9,2],"24":[2,0],"25":[2,0],"26":[0,2],"27":[6,6,6],"28":[2,1],"29":[3,2],"30":[1,0],"31":[16,0],"32":[8,0],"33":[16,16]},"_coverageSchema":"1a1c01bbd47fc00a2c39e90264f33305004495a9","hash":"6402c974f752d9a6cf865c6df43dc52813aeee95"}
,"/Users/benjamin.js/Projects/react-awesome-pull-to-refresh/src/PullToRefreshForNoBounce.tsx": {"path":"/Users/benjamin.js/Projects/react-awesome-pull-to-refresh/src/PullToRefreshForNoBounce.tsx","statementMap":{"0":{"start":{"line":7,"column":41},"end":{"line":7,"column":80}},"1":{"start":{"line":38,"column":33},"end":{"line":300,"column":1}},"2":{"start":{"line":58,"column":21},"end":{"line":58,"column":56}},"3":{"start":{"line":59,"column":21},"end":{"line":59,"column":58}},"4":{"start":{"line":60,"column":24},"end":{"line":60,"column":41}},"5":{"start":{"line":61,"column":24},"end":{"line":61,"column":46}},"6":{"start":{"line":62,"column":26},"end":{"line":62,"column":48}},"7":{"start":{"line":63,"column":28},"end":{"line":63,"column":69}},"8":{"start":{"line":64,"column":27},"end":{"line":64,"column":68}},"9":{"start":{"line":65,"column":26},"end":{"line":65,"column":67}},"10":{"start":{"line":66,"column":19},"end":{"line":66,"column":53}},"11":{"start":{"line":68,"column":40},"end":{"line":68,"column":55}},"12":{"start":{"line":69,"column":44},"end":{"line":69,"column":59}},"13":{"start":{"line":71,"column":27},"end":{"line":98,"column":78}},"14":{"start":{"line":72,"column":22},"end":{"line":72,"column":77}},"15":{"start":{"line":73,"column":4},"end":{"line":73,"column":31}},"16":{"start":{"line":74,"column":4},"end":{"line":74,"column":33}},"17":{"start":{"line":75,"column":29},"end":{"line":75,"column":47}},"18":{"start":{"line":76,"column":22},"end":{"line":76,"column":39}},"19":{"start":{"line":77,"column":4},"end":{"line":90,"column":5}},"20":{"start":{"line":78,"column":6},"end":{"line":79,"column":77}},"21":{"start":{"line":79,"column":40},"end":{"line":79,"column":74}},"22":{"start":{"line":80,"column":6},"end":{"line":80,"column":59}},"23":{"start":{"line":81,"column":6},"end":{"line":81,"column":43}},"24":{"start":{"line":82,"column":6},"end":{"line":89,"column":36}},"25":{"start":{"line":83,"column":8},"end":{"line":83,"column":64}},"26":{"start":{"line":84,"column":8},"end":{"line":84,"column":47}},"27":{"start":{"line":85,"column":8},"end":{"line":88,"column":9}},"28":{"start":{"line":86,"column":10},"end":{"line":86,"column":34}},"29":{"start":{"line":87,"column":10},"end":{"line":87,"column":36}},"30":{"start":{"line":91,"column":4},"end":{"line":97,"column":5}},"31":{"start":{"line":92,"column":6},"end":{"line":92,"column":68}},"32":{"start":{"line":93,"column":6},"end":{"line":93,"column":57}},"33":{"start":{"line":94,"column":6},"end":{"line":96,"column":36}},"34":{"start":{"line":95,"column":8},"end":{"line":95,"column":44}},"35":{"start":{"line":100,"column":18},"end":{"line":129,"column":4}},"36":{"start":{"line":101,"column":22},"end":{"line":101,"column":39}},"37":{"start":{"line":102,"column":4},"end":{"line":105,"column":5}},"38":{"start":{"line":103,"column":6},"end":{"line":103,"column":68}},"39":{"start":{"line":104,"column":6},"end":{"line":104,"column":74}},"40":{"start":{"line":106,"column":29},"end":{"line":106,"column":47}},"41":{"start":{"line":107,"column":4},"end":{"line":121,"column":5}},"42":{"start":{"line":108,"column":6},"end":{"line":108,"column":37}},"43":{"start":{"line":109,"column":6},"end":{"line":112,"column":7}},"44":{"start":{"line":110,"column":8},"end":{"line":110,"column":38}},"45":{"start":{"line":111,"column":8},"end":{"line":111,"column":40}},"46":{"start":{"line":113,"column":6},"end":{"line":113,"column":30}},"47":{"start":{"line":114,"column":6},"end":{"line":120,"column":7}},"48":{"start":{"line":115,"column":8},"end":{"line":117,"column":25}},"49":{"start":{"line":116,"column":10},"end":{"line":116,"column":22}},"50":{"start":{"line":119,"column":8},"end":{"line":119,"column":20}},"51":{"start":{"line":131,"column":30},"end":{"line":137,"column":17}},"52":{"start":{"line":134,"column":4},"end":{"line":136,"column":5}},"53":{"start":{"line":135,"column":6},"end":{"line":135,"column":61}},"54":{"start":{"line":139,"column":31},"end":{"line":147,"column":3}},"55":{"start":{"line":141,"column":6},"end":{"line":141,"column":28}},"56":{"start":{"line":142,"column":6},"end":{"line":144,"column":7}},"57":{"start":{"line":143,"column":8},"end":{"line":143,"column":13}},"58":{"start":{"line":149,"column":22},"end":{"line":191,"column":3}},"59":{"start":{"line":151,"column":31},"end":{"line":151,"column":49}},"60":{"start":{"line":152,"column":24},"end":{"line":152,"column":41}},"61":{"start":{"line":153,"column":25},"end":{"line":153,"column":43}},"62":{"start":{"line":155,"column":6},"end":{"line":188,"column":7}},"63":{"start":{"line":156,"column":8},"end":{"line":156,"column":68}},"64":{"start":{"line":157,"column":8},"end":{"line":187,"column":9}},"65":{"start":{"line":158,"column":10},"end":{"line":158,"column":34}},"66":{"start":{"line":159,"column":27},"end":{"line":159,"column":49}},"67":{"start":{"line":160,"column":10},"end":{"line":160,"column":29}},"68":{"start":{"line":161,"column":10},"end":{"line":164,"column":11}},"69":{"start":{"line":162,"column":12},"end":{"line":162,"column":39}},"70":{"start":{"line":163,"column":12},"end":{"line":163,"column":41}},"71":{"start":{"line":165,"column":10},"end":{"line":165,"column":71}},"72":{"start":{"line":166,"column":10},"end":{"line":173,"column":11}},"73":{"start":{"line":167,"column":27},"end":{"line":169,"column":18}},"74":{"start":{"line":170,"column":12},"end":{"line":170,"column":54}},"75":{"start":{"line":171,"column":12},"end":{"line":171,"column":48}},"76":{"start":{"line":172,"column":12},"end":{"line":172,"column":48}},"77":{"start":{"line":175,"column":10},"end":{"line":175,"column":22}},"78":{"start":{"line":176,"column":10},"end":{"line":179,"column":11}},"79":{"start":{"line":177,"column":12},"end":{"line":177,"column":44}},"80":{"start":{"line":178,"column":12},"end":{"line":178,"column":46}},"81":{"start":{"line":180,"column":10},"end":{"line":180,"column":33}},"82":{"start":{"line":181,"column":10},"end":{"line":186,"column":11}},"83":{"start":{"line":182,"column":27},"end":{"line":182,"column":68}},"84":{"start":{"line":183,"column":12},"end":{"line":183,"column":54}},"85":{"start":{"line":184,"column":12},"end":{"line":184,"column":48}},"86":{"start":{"line":185,"column":12},"end":{"line":185,"column":45}},"87":{"start":{"line":193,"column":28},"end":{"line":206,"column":3}},"88":{"start":{"line":195,"column":6},"end":{"line":197,"column":7}},"89":{"start":{"line":196,"column":8},"end":{"line":196,"column":27}},"90":{"start":{"line":198,"column":21},"end":{"line":198,"column":65}},"91":{"start":{"line":199,"column":6},"end":{"line":201,"column":7}},"92":{"start":{"line":200,"column":8},"end":{"line":200,"column":15}},"93":{"start":{"line":202,"column":28},"end":{"line":202,"column":53}},"94":{"start":{"line":203,"column":6},"end":{"line":203,"column":33}},"95":{"start":{"line":208,"column":24},"end":{"line":210,"column":8}},"96":{"start":{"line":209,"column":4},"end":{"line":209,"column":49}},"97":{"start":{"line":212,"column":2},"end":{"line":259,"column":5}},"98":{"start":{"line":213,"column":4},"end":{"line":218,"column":6}},"99":{"start":{"line":214,"column":6},"end":{"line":217,"column":8}},"100":{"start":{"line":215,"column":14},"end":{"line":215,"column":78}},"101":{"start":{"line":216,"column":14},"end":{"line":216,"column":30}},"102":{"start":{"line":219,"column":4},"end":{"line":224,"column":6}},"103":{"start":{"line":220,"column":6},"end":{"line":223,"column":8}},"104":{"start":{"line":221,"column":14},"end":{"line":221,"column":78}},"105":{"start":{"line":222,"column":14},"end":{"line":222,"column":34}},"106":{"start":{"line":225,"column":4},"end":{"line":235,"column":6}},"107":{"start":{"line":226,"column":6},"end":{"line":234,"column":7}},"108":{"start":{"line":227,"column":8},"end":{"line":227,"column":22}},"109":{"start":{"line":228,"column":8},"end":{"line":228,"column":20}},"110":{"start":{"line":229,"column":8},"end":{"line":229,"column":18}},"111":{"start":{"line":230,"column":13},"end":{"line":234,"column":7}},"112":{"start":{"line":231,"column":8},"end":{"line":231,"column":22}},"113":{"start":{"line":232,"column":8},"end":{"line":232,"column":20}},"114":{"start":{"line":233,"column":8},"end":{"line":233,"column":27}},"115":{"start":{"line":236,"column":22},"end":{"line":236,"column":39}},"116":{"start":{"line":237,"column":4},"end":{"line":246,"column":5}},"117":{"start":{"line":238,"column":6},"end":{"line":238,"column":74}},"118":{"start":{"line":239,"column":6},"end":{"line":239,"column":72}},"119":{"start":{"line":240,"column":6},"end":{"line":240,"column":70}},"120":{"start":{"line":241,"column":6},"end":{"line":245,"column":8}},"121":{"start":{"line":242,"column":8},"end":{"line":242,"column":79}},"122":{"start":{"line":243,"column":8},"end":{"line":243,"column":77}},"123":{"start":{"line":244,"column":8},"end":{"line":244,"column":75}},"124":{"start":{"line":261,"column":2},"end":{"line":266,"column":39}},"125":{"start":{"line":262,"column":4},"end":{"line":262,"column":43}},"126":{"start":{"line":263,"column":4},"end":{"line":265,"column":5}},"127":{"start":{"line":264,"column":6},"end":{"line":264,"column":25}},"128":{"start":{"line":268,"column":2},"end":{"line":279,"column":62}},"129":{"start":{"line":269,"column":29},"end":{"line":269,"column":47}},"130":{"start":{"line":270,"column":4},"end":{"line":278,"column":5}},"131":{"start":{"line":271,"column":6},"end":{"line":276,"column":7}},"132":{"start":{"line":272,"column":8},"end":{"line":272,"column":35}},"133":{"start":{"line":273,"column":8},"end":{"line":275,"column":9}},"134":{"start":{"line":274,"column":10},"end":{"line":274,"column":63}},"135":{"start":{"line":277,"column":6},"end":{"line":277,"column":27}},"136":{"start":{"line":281,"column":2},"end":{"line":299,"column":4}}},"fnMap":{"0":{"name":"(anonymous_0)","decl":{"start":{"line":38,"column":33},"end":{"line":38,"column":34}},"loc":{"start":{"line":57,"column":37},"end":{"line":300,"column":1}},"line":57},"1":{"name":"(anonymous_1)","decl":{"start":{"line":63,"column":60},"end":{"line":63,"column":61}},"loc":{"start":{"line":63,"column":66},"end":{"line":63,"column":68}},"line":63},"2":{"name":"(anonymous_2)","decl":{"start":{"line":64,"column":59},"end":{"line":64,"column":60}},"loc":{"start":{"line":64,"column":65},"end":{"line":64,"column":67}},"line":64},"3":{"name":"(anonymous_3)","decl":{"start":{"line":65,"column":58},"end":{"line":65,"column":59}},"loc":{"start":{"line":65,"column":64},"end":{"line":65,"column":66}},"line":65},"4":{"name":"(anonymous_4)","decl":{"start":{"line":71,"column":39},"end":{"line":71,"column":40}},"loc":{"start":{"line":71,"column":51},"end":{"line":98,"column":3}},"line":71},"5":{"name":"(anonymous_5)","decl":{"start":{"line":79,"column":27},"end":{"line":79,"column":28}},"loc":{"start":{"line":79,"column":40},"end":{"line":79,"column":74}},"line":79},"6":{"name":"(anonymous_6)","decl":{"start":{"line":82,"column":17},"end":{"line":82,"column":18}},"loc":{"start":{"line":82,"column":23},"end":{"line":89,"column":7}},"line":82},"7":{"name":"(anonymous_7)","decl":{"start":{"line":94,"column":17},"end":{"line":94,"column":18}},"loc":{"start":{"line":94,"column":23},"end":{"line":96,"column":7}},"line":94},"8":{"name":"(anonymous_8)","decl":{"start":{"line":100,"column":30},"end":{"line":100,"column":31}},"loc":{"start":{"line":100,"column":36},"end":{"line":122,"column":3}},"line":100},"9":{"name":"(anonymous_9)","decl":{"start":{"line":115,"column":19},"end":{"line":115,"column":20}},"loc":{"start":{"line":115,"column":25},"end":{"line":117,"column":9}},"line":115},"10":{"name":"(anonymous_10)","decl":{"start":{"line":131,"column":42},"end":{"line":131,"column":43}},"loc":{"start":{"line":131,"column":48},"end":{"line":137,"column":3}},"line":131},"11":{"name":"(anonymous_11)","decl":{"start":{"line":140,"column":4},"end":{"line":140,"column":5}},"loc":{"start":{"line":140,"column":25},"end":{"line":145,"column":5}},"line":140},"12":{"name":"(anonymous_12)","decl":{"start":{"line":150,"column":4},"end":{"line":150,"column":5}},"loc":{"start":{"line":150,"column":24},"end":{"line":189,"column":5}},"line":150},"13":{"name":"(anonymous_13)","decl":{"start":{"line":194,"column":4},"end":{"line":194,"column":5}},"loc":{"start":{"line":194,"column":11},"end":{"line":204,"column":5}},"line":194},"14":{"name":"(anonymous_14)","decl":{"start":{"line":208,"column":36},"end":{"line":208,"column":37}},"loc":{"start":{"line":208,"column":55},"end":{"line":210,"column":3}},"line":208},"15":{"name":"(anonymous_15)","decl":{"start":{"line":212,"column":12},"end":{"line":212,"column":13}},"loc":{"start":{"line":212,"column":18},"end":{"line":247,"column":3}},"line":212},"16":{"name":"(anonymous_16)","decl":{"start":{"line":213,"column":32},"end":{"line":213,"column":33}},"loc":{"start":{"line":213,"column":39},"end":{"line":218,"column":5}},"line":213},"17":{"name":"(anonymous_17)","decl":{"start":{"line":215,"column":8},"end":{"line":215,"column":9}},"loc":{"start":{"line":215,"column":14},"end":{"line":215,"column":78}},"line":215},"18":{"name":"(anonymous_18)","decl":{"start":{"line":216,"column":8},"end":{"line":216,"column":9}},"loc":{"start":{"line":216,"column":14},"end":{"line":216,"column":30}},"line":216},"19":{"name":"(anonymous_19)","decl":{"start":{"line":219,"column":31},"end":{"line":219,"column":32}},"loc":{"start":{"line":219,"column":50},"end":{"line":224,"column":5}},"line":219},"20":{"name":"(anonymous_20)","decl":{"start":{"line":221,"column":8},"end":{"line":221,"column":9}},"loc":{"start":{"line":221,"column":14},"end":{"line":221,"column":78}},"line":221},"21":{"name":"(anonymous_21)","decl":{"start":{"line":222,"column":8},"end":{"line":222,"column":9}},"loc":{"start":{"line":222,"column":14},"end":{"line":222,"column":34}},"line":222},"22":{"name":"(anonymous_22)","decl":{"start":{"line":225,"column":30},"end":{"line":225,"column":31}},"loc":{"start":{"line":225,"column":36},"end":{"line":235,"column":5}},"line":225},"23":{"name":"(anonymous_23)","decl":{"start":{"line":241,"column":13},"end":{"line":241,"column":14}},"loc":{"start":{"line":241,"column":19},"end":{"line":245,"column":7}},"line":241},"24":{"name":"(anonymous_24)","decl":{"start":{"line":261,"column":12},"end":{"line":261,"column":13}},"loc":{"start":{"line":261,"column":18},"end":{"line":266,"column":3}},"line":261},"25":{"name":"(anonymous_25)","decl":{"start":{"line":268,"column":12},"end":{"line":268,"column":13}},"loc":{"start":{"line":268,"column":18},"end":{"line":279,"column":3}},"line":268}},"branchMap":{"0":{"loc":{"start":{"line":40,"column":2},"end":{"line":40,"column":15}},"type":"default-arg","locations":[{"start":{"line":40,"column":14},"end":{"line":40,"column":15}}],"line":40},"1":{"loc":{"start":{"line":41,"column":2},"end":{"line":41,"column":21}},"type":"default-arg","locations":[{"start":{"line":41,"column":20},"end":{"line":41,"column":21}}],"line":41},"2":{"loc":{"start":{"line":42,"column":2},"end":{"line":42,"column":20}},"type":"default-arg","locations":[{"start":{"line":42,"column":18},"end":{"line":42,"column":20}}],"line":42},"3":{"loc":{"start":{"line":43,"column":2},"end":{"line":43,"column":21}},"type":"default-arg","locations":[{"start":{"line":43,"column":19},"end":{"line":43,"column":21}}],"line":43},"4":{"loc":{"start":{"line":45,"column":2},"end":{"line":45,"column":18}},"type":"default-arg","locations":[{"start":{"line":45,"column":17},"end":{"line":45,"column":18}}],"line":45},"5":{"loc":{"start":{"line":48,"column":2},"end":{"line":48,"column":16}},"type":"default-arg","locations":[{"start":{"line":48,"column":12},"end":{"line":48,"column":16}}],"line":48},"6":{"loc":{"start":{"line":50,"column":2},"end":{"line":50,"column":34}},"type":"default-arg","locations":[{"start":{"line":50,"column":16},"end":{"line":50,"column":34}}],"line":50},"7":{"loc":{"start":{"line":55,"column":2},"end":{"line":55,"column":19}},"type":"default-arg","locations":[{"start":{"line":55,"column":18},"end":{"line":55,"column":19}}],"line":55},"8":{"loc":{"start":{"line":72,"column":22},"end":{"line":72,"column":77}},"type":"cond-expr","locations":[{"start":{"line":72,"column":58},"end":{"line":72,"column":68}},{"start":{"line":72,"column":71},"end":{"line":72,"column":77}}],"line":72},"9":{"loc":{"start":{"line":77,"column":4},"end":{"line":90,"column":5}},"type":"if","locations":[{"start":{"line":77,"column":4},"end":{"line":90,"column":5}},{"start":{"line":77,"column":4},"end":{"line":90,"column":5}}],"line":77},"10":{"loc":{"start":{"line":78,"column":6},"end":{"line":79,"column":76}},"type":"binary-expr","locations":[{"start":{"line":78,"column":6},"end":{"line":78,"column":30}},{"start":{"line":79,"column":9},"end":{"line":79,"column":75}}],"line":78},"11":{"loc":{"start":{"line":85,"column":8},"end":{"line":88,"column":9}},"type":"if","locations":[{"start":{"line":85,"column":8},"end":{"line":88,"column":9}},{"start":{"line":85,"column":8},"end":{"line":88,"column":9}}],"line":85},"12":{"loc":{"start":{"line":91,"column":4},"end":{"line":97,"column":5}},"type":"if","locations":[{"start":{"line":91,"column":4},"end":{"line":97,"column":5}},{"start":{"line":91,"column":4},"end":{"line":97,"column":5}}],"line":91},"13":{"loc":{"start":{"line":102,"column":4},"end":{"line":105,"column":5}},"type":"if","locations":[{"start":{"line":102,"column":4},"end":{"line":105,"column":5}},{"start":{"line":102,"column":4},"end":{"line":105,"column":5}}],"line":102},"14":{"loc":{"start":{"line":107,"column":4},"end":{"line":121,"column":5}},"type":"if","locations":[{"start":{"line":107,"column":4},"end":{"line":121,"column":5}},{"start":{"line":107,"column":4},"end":{"line":121,"column":5}}],"line":107},"15":{"loc":{"start":{"line":109,"column":6},"end":{"line":112,"column":7}},"type":"if","locations":[{"start":{"line":109,"column":6},"end":{"line":112,"column":7}},{"start":{"line":109,"column":6},"end":{"line":112,"column":7}}],"line":109},"16":{"loc":{"start":{"line":114,"column":6},"end":{"line":120,"column":7}},"type":"if","locations":[{"start":{"line":114,"column":6},"end":{"line":120,"column":7}},{"start":{"line":114,"column":6},"end":{"line":120,"column":7}}],"line":114},"17":{"loc":{"start":{"line":134,"column":4},"end":{"line":136,"column":5}},"type":"if","locations":[{"start":{"line":134,"column":4},"end":{"line":136,"column":5}},{"start":{"line":134,"column":4},"end":{"line":136,"column":5}}],"line":134},"18":{"loc":{"start":{"line":142,"column":6},"end":{"line":144,"column":7}},"type":"if","locations":[{"start":{"line":142,"column":6},"end":{"line":144,"column":7}},{"start":{"line":142,"column":6},"end":{"line":144,"column":7}}],"line":142},"19":{"loc":{"start":{"line":155,"column":6},"end":{"line":188,"column":7}},"type":"if","locations":[{"start":{"line":155,"column":6},"end":{"line":188,"column":7}},{"start":{"line":155,"column":6},"end":{"line":188,"column":7}}],"line":155},"20":{"loc":{"start":{"line":155,"column":10},"end":{"line":155,"column":39}},"type":"binary-expr","locations":[{"start":{"line":155,"column":10},"end":{"line":155,"column":26}},{"start":{"line":155,"column":30},"end":{"line":155,"column":39}}],"line":155},"21":{"loc":{"start":{"line":157,"column":8},"end":{"line":187,"column":9}},"type":"if","locations":[{"start":{"line":157,"column":8},"end":{"line":187,"column":9}},{"start":{"line":157,"column":8},"end":{"line":187,"column":9}}],"line":157},"22":{"loc":{"start":{"line":161,"column":10},"end":{"line":164,"column":11}},"type":"if","locations":[{"start":{"line":161,"column":10},"end":{"line":164,"column":11}},{"start":{"line":161,"column":10},"end":{"line":164,"column":11}}],"line":161},"23":{"loc":{"start":{"line":166,"column":10},"end":{"line":173,"column":11}},"type":"if","locations":[{"start":{"line":166,"column":10},"end":{"line":173,"column":11}},{"start":{"line":166,"column":10},"end":{"line":173,"column":11}}],"line":166},"24":{"loc":{"start":{"line":176,"column":10},"end":{"line":179,"column":11}},"type":"if","locations":[{"start":{"line":176,"column":10},"end":{"line":179,"column":11}},{"start":{"line":176,"column":10},"end":{"line":179,"column":11}}],"line":176},"25":{"loc":{"start":{"line":181,"column":10},"end":{"line":186,"column":11}},"type":"if","locations":[{"start":{"line":181,"column":10},"end":{"line":186,"column":11}},{"start":{"line":181,"column":10},"end":{"line":186,"column":11}}],"line":181},"26":{"loc":{"start":{"line":195,"column":6},"end":{"line":197,"column":7}},"type":"if","locations":[{"start":{"line":195,"column":6},"end":{"line":197,"column":7}},{"start":{"line":195,"column":6},"end":{"line":197,"column":7}}],"line":195},"27":{"loc":{"start":{"line":199,"column":6},"end":{"line":201,"column":7}},"type":"if","locations":[{"start":{"line":199,"column":6},"end":{"line":201,"column":7}},{"start":{"line":199,"column":6},"end":{"line":201,"column":7}}],"line":199},"28":{"loc":{"start":{"line":199,"column":10},"end":{"line":199,"column":38}},"type":"binary-expr","locations":[{"start":{"line":199,"column":10},"end":{"line":199,"column":21}},{"start":{"line":199,"column":25},"end":{"line":199,"column":38}}],"line":199},"29":{"loc":{"start":{"line":215,"column":14},"end":{"line":215,"column":78}},"type":"binary-expr","locations":[{"start":{"line":215,"column":14},"end":{"line":215,"column":37}},{"start":{"line":215,"column":41},"end":{"line":215,"column":62}},{"start":{"line":215,"column":66},"end":{"line":215,"column":78}}],"line":215},"30":{"loc":{"start":{"line":221,"column":14},"end":{"line":221,"column":78}},"type":"binary-expr","locations":[{"start":{"line":221,"column":14},"end":{"line":221,"column":35}},{"start":{"line":221,"column":39},"end":{"line":221,"column":51}},{"start":{"line":221,"column":55},"end":{"line":221,"column":78}}],"line":221},"31":{"loc":{"start":{"line":226,"column":6},"end":{"line":234,"column":7}},"type":"if","locations":[{"start":{"line":226,"column":6},"end":{"line":234,"column":7}},{"start":{"line":226,"column":6},"end":{"line":234,"column":7}}],"line":226},"32":{"loc":{"start":{"line":226,"column":10},"end":{"line":226,"column":51}},"type":"binary-expr","locations":[{"start":{"line":226,"column":10},"end":{"line":226,"column":23}},{"start":{"line":226,"column":27},"end":{"line":226,"column":51}}],"line":226},"33":{"loc":{"start":{"line":230,"column":13},"end":{"line":234,"column":7}},"type":"if","locations":[{"start":{"line":230,"column":13},"end":{"line":234,"column":7}},{"start":{"line":230,"column":13},"end":{"line":234,"column":7}}],"line":230},"34":{"loc":{"start":{"line":237,"column":4},"end":{"line":246,"column":5}},"type":"if","locations":[{"start":{"line":237,"column":4},"end":{"line":246,"column":5}},{"start":{"line":237,"column":4},"end":{"line":246,"column":5}}],"line":237},"35":{"loc":{"start":{"line":263,"column":4},"end":{"line":265,"column":5}},"type":"if","locations":[{"start":{"line":263,"column":4},"end":{"line":265,"column":5}},{"start":{"line":263,"column":4},"end":{"line":265,"column":5}}],"line":263},"36":{"loc":{"start":{"line":270,"column":4},"end":{"line":278,"column":5}},"type":"if","locations":[{"start":{"line":270,"column":4},"end":{"line":278,"column":5}},{"start":{"line":270,"column":4},"end":{"line":278,"column":5}}],"line":270},"37":{"loc":{"start":{"line":271,"column":6},"end":{"line":276,"column":7}},"type":"if","locations":[{"start":{"line":271,"column":6},"end":{"line":276,"column":7}},{"start":{"line":271,"column":6},"end":{"line":276,"column":7}}],"line":271},"38":{"loc":{"start":{"line":273,"column":8},"end":{"line":275,"column":9}},"type":"if","locations":[{"start":{"line":273,"column":8},"end":{"line":275,"column":9}},{"start":{"line":273,"column":8},"end":{"line":275,"column":9}}],"line":273},"39":{"loc":{"start":{"line":288,"column":7},"end":{"line":297,"column":7}},"type":"binary-expr","locations":[{"start":{"line":288,"column":7},"end":{"line":288,"column":20}},{"start":{"line":289,"column":8},"end":{"line":296,"column":10}}],"line":288}},"s":{"0":1,"1":1,"2":27,"3":27,"4":27,"5":27,"6":27,"7":27,"8":27,"9":27,"10":27,"11":27,"12":27,"13":27,"14":10,"15":10,"16":10,"17":10,"18":10,"19":10,"20":10,"21":1,"22":10,"23":10,"24":10,"25":1,"26":1,"27":1,"28":0,"29":0,"30":10,"31":10,"32":10,"33":10,"34":1,"35":27,"36":2,"37":2,"38":2,"39":2,"40":2,"41":2,"42":2,"43":2,"44":2,"45":2,"46":2,"47":2,"48":0,"49":0,"50":2,"51":27,"52":11,"53":10,"54":27,"55":11,"56":11,"57":11,"58":27,"59":6,"60":6,"61":6,"62":6,"63":6,"64":6,"65":3,"66":3,"67":3,"68":3,"69":3,"70":3,"71":3,"72":3,"73":3,"74":3,"75":3,"76":3,"77":3,"78":3,"79":3,"80":3,"81":3,"82":3,"83":3,"84":3,"85":3,"86":3,"87":27,"88":6,"89":1,"90":6,"91":6,"92":0,"93":6,"94":6,"95":27,"96":5,"97":27,"98":16,"99":5,"100":5,"101":5,"102":16,"103":6,"104":6,"105":6,"106":16,"107":3,"108":2,"109":2,"110":2,"111":1,"112":1,"113":1,"114":1,"115":16,"116":16,"117":16,"118":16,"119":16,"120":16,"121":16,"122":16,"123":16,"124":27,"125":11,"126":11,"127":9,"128":27,"129":19,"130":19,"131":8,"132":0,"133":0,"134":0,"135":8,"136":27},"f":{"0":27,"1":0,"2":0,"3":0,"4":10,"5":1,"6":1,"7":1,"8":2,"9":0,"10":11,"11":11,"12":6,"13":6,"14":5,"15":16,"16":5,"17":5,"18":5,"19":6,"20":6,"21":6,"22":3,"23":16,"24":11,"25":19},"b":{"0":[27],"1":[6],"2":[6],"3":[27],"4":[27],"5":[0],"6":[27],"7":[27],"8":[1,9],"9":[10,0],"10":[10,1],"11":[0,1],"12":[10,0],"13":[2,0],"14":[2,0],"15":[2,0],"16":[0,2],"17":[10,1],"18":[11,0],"19":[6,0],"20":[6,6],"21":[3,3],"22":[3,0],"23":[3,0],"24":[3,0],"25":[3,0],"26":[1,5],"27":[0,6],"28":[6,6],"29":[5,5,5],"30":[6,6,6],"31":[2,1],"32":[3,2],"33":[1,0],"34":[16,0],"35":[9,2],"36":[8,11],"37":[0,8],"38":[0,0],"39":[27,27]},"_coverageSchema":"1a1c01bbd47fc00a2c39e90264f33305004495a9","hash":"8206b5d82fbcfa1810af010db57b87c1c3a85679"}
}
