TN:
SF:src/PullToRefresh.tsx
FN:16,(anonymous_0)
FN:21,(anonymous_1)
FN:27,(anonymous_2)
FN:33,(anonymous_3)
FNF:4
FNH:4
FNDA:22,(anonymous_0)
FNDA:16,(anonymous_1)
FNDA:16,(anonymous_2)
FNDA:16,(anonymous_3)
DA:16,1
DA:21,22
DA:22,16
DA:27,22
DA:29,16
DA:30,16
DA:31,16
DA:33,16
DA:34,16
DA:39,22
LF:10
LH:10
BRDA:23,0,0,16
BRDA:23,0,1,16
BRDA:29,1,0,16
BRDA:29,1,1,0
BRDA:39,2,0,11
BRDA:39,2,1,11
BRDA:39,3,0,22
BRDA:39,3,1,21
BRDA:39,3,2,11
BRF:9
BRH:8
end_of_record
TN:
SF:src/PullToRefreshForBounce.tsx
FN:12,(anonymous_0)
FN:35,(anonymous_1)
FN:36,(anonymous_2)
FN:41,(anonymous_3)
FN:49,(anonymous_4)
FN:52,(anonymous_5)
FN:64,(anonymous_6)
FN:70,(anonymous_7)
FN:78,(anonymous_8)
FN:88,(anonymous_9)
FN:129,(anonymous_10)
FN:140,(anonymous_11)
FN:147,(anonymous_12)
FN:159,(anonymous_13)
FN:174,(anonymous_14)
FN:175,(anonymous_15)
FN:177,(anonymous_16)
FN:178,(anonymous_17)
FN:181,(anonymous_18)
FN:196,(anonymous_19)
FN:214,(anonymous_20)
FNF:21
FNH:18
FNDA:16,(anonymous_0)
FNDA:0,(anonymous_1)
FNDA:0,(anonymous_2)
FNDA:10,(anonymous_3)
FNDA:1,(anonymous_4)
FNDA:9,(anonymous_5)
FNDA:9,(anonymous_6)
FNDA:6,(anonymous_7)
FNDA:6,(anonymous_8)
FNDA:6,(anonymous_9)
FNDA:6,(anonymous_10)
FNDA:11,(anonymous_11)
FNDA:2,(anonymous_12)
FNDA:0,(anonymous_13)
FNDA:16,(anonymous_14)
FNDA:6,(anonymous_15)
FNDA:6,(anonymous_16)
FNDA:6,(anonymous_17)
FNDA:3,(anonymous_18)
FNDA:16,(anonymous_19)
FNDA:8,(anonymous_20)
DA:8,1
DA:12,1
DA:31,16
DA:32,16
DA:33,16
DA:34,16
DA:35,16
DA:36,16
DA:37,16
DA:39,16
DA:41,16
DA:42,10
DA:43,10
DA:44,10
DA:45,10
DA:46,10
DA:47,10
DA:48,10
DA:49,1
DA:50,10
DA:51,10
DA:52,10
DA:53,9
DA:54,9
DA:55,9
DA:56,4
DA:57,4
DA:61,10
DA:62,10
DA:63,10
DA:64,10
DA:65,9
DA:70,16
DA:71,6
DA:72,6
DA:73,6
DA:77,16
DA:79,6
DA:80,6
DA:81,6
DA:87,16
DA:89,6
DA:90,6
DA:92,6
DA:93,6
DA:94,3
DA:95,3
DA:96,3
DA:97,3
DA:98,3
DA:99,3
DA:101,3
DA:102,3
DA:103,3
DA:106,3
DA:107,3
DA:108,3
DA:111,3
DA:112,3
DA:113,3
DA:114,3
DA:116,3
DA:117,3
DA:118,3
DA:119,3
DA:120,3
DA:121,3
DA:129,16
DA:130,6
DA:131,6
DA:132,6
DA:133,6
DA:134,0
DA:136,6
DA:140,16
DA:141,11
DA:142,11
DA:143,9
DA:147,16
DA:148,2
DA:149,2
DA:150,2
DA:152,2
DA:153,2
DA:154,2
DA:155,2
DA:157,2
DA:158,2
DA:159,0
DA:160,0
DA:163,2
DA:174,16
DA:175,16
DA:176,6
DA:177,6
DA:178,6
DA:181,16
DA:182,3
DA:183,2
DA:184,2
DA:185,2
DA:186,1
DA:187,1
DA:188,1
DA:189,1
DA:192,16
DA:193,16
DA:194,16
DA:195,16
DA:196,16
DA:197,16
DA:198,16
DA:214,16
DA:215,8
DA:216,8
DA:217,8
DA:221,16
LF:117
LH:114
BRDA:14,0,0,16
BRDA:15,1,0,3
BRDA:16,2,0,3
BRDA:17,3,0,16
BRDA:19,4,0,16
BRDA:23,5,0,16
BRDA:28,6,0,16
BRDA:42,7,0,1
BRDA:42,7,1,9
BRDA:47,8,0,10
BRDA:47,8,1,0
BRDA:48,9,0,10
BRDA:48,9,1,1
BRDA:55,10,0,4
BRDA:55,10,1,5
BRDA:61,11,0,10
BRDA:61,11,1,0
BRDA:72,12,0,6
BRDA:72,12,1,0
BRDA:80,13,0,6
BRDA:80,13,1,0
BRDA:92,14,0,6
BRDA:92,14,1,0
BRDA:93,15,0,3
BRDA:93,15,1,3
BRDA:97,16,0,3
BRDA:97,16,1,0
BRDA:102,17,0,3
BRDA:102,17,1,0
BRDA:112,18,0,3
BRDA:112,18,1,0
BRDA:117,19,0,3
BRDA:117,19,1,0
BRDA:131,20,0,6
BRDA:131,20,1,0
BRDA:133,21,0,0
BRDA:133,21,1,6
BRDA:133,22,0,6
BRDA:133,22,1,6
BRDA:142,23,0,9
BRDA:142,23,1,2
BRDA:149,24,0,2
BRDA:149,24,1,0
BRDA:153,25,0,2
BRDA:153,25,1,0
BRDA:158,26,0,0
BRDA:158,26,1,2
BRDA:177,27,0,6
BRDA:177,27,1,6
BRDA:177,27,2,6
BRDA:182,28,0,2
BRDA:182,28,1,1
BRDA:182,29,0,3
BRDA:182,29,1,2
BRDA:186,30,0,1
BRDA:186,30,1,0
BRDA:193,31,0,16
BRDA:193,31,1,0
BRDA:216,32,0,8
BRDA:216,32,1,0
BRDA:228,33,0,16
BRDA:228,33,1,16
BRF:62
BRH:45
end_of_record
TN:
SF:src/PullToRefreshForNoBounce.tsx
FN:38,(anonymous_0)
FN:63,(anonymous_1)
FN:64,(anonymous_2)
FN:65,(anonymous_3)
FN:71,(anonymous_4)
FN:79,(anonymous_5)
FN:82,(anonymous_6)
FN:94,(anonymous_7)
FN:100,(anonymous_8)
FN:115,(anonymous_9)
FN:131,(anonymous_10)
FN:140,(anonymous_11)
FN:150,(anonymous_12)
FN:194,(anonymous_13)
FN:208,(anonymous_14)
FN:212,(anonymous_15)
FN:213,(anonymous_16)
FN:215,(anonymous_17)
FN:216,(anonymous_18)
FN:219,(anonymous_19)
FN:221,(anonymous_20)
FN:222,(anonymous_21)
FN:225,(anonymous_22)
FN:241,(anonymous_23)
FN:261,(anonymous_24)
FN:268,(anonymous_25)
FNF:26
FNH:22
FNDA:27,(anonymous_0)
FNDA:0,(anonymous_1)
FNDA:0,(anonymous_2)
FNDA:0,(anonymous_3)
FNDA:10,(anonymous_4)
FNDA:1,(anonymous_5)
FNDA:1,(anonymous_6)
FNDA:1,(anonymous_7)
FNDA:2,(anonymous_8)
FNDA:0,(anonymous_9)
FNDA:11,(anonymous_10)
FNDA:11,(anonymous_11)
FNDA:6,(anonymous_12)
FNDA:6,(anonymous_13)
FNDA:5,(anonymous_14)
FNDA:16,(anonymous_15)
FNDA:5,(anonymous_16)
FNDA:5,(anonymous_17)
FNDA:5,(anonymous_18)
FNDA:6,(anonymous_19)
FNDA:6,(anonymous_20)
FNDA:6,(anonymous_21)
FNDA:3,(anonymous_22)
FNDA:16,(anonymous_23)
FNDA:11,(anonymous_24)
FNDA:19,(anonymous_25)
DA:7,1
DA:38,1
DA:58,27
DA:59,27
DA:60,27
DA:61,27
DA:62,27
DA:63,27
DA:64,27
DA:65,27
DA:66,27
DA:68,27
DA:69,27
DA:71,27
DA:72,10
DA:73,10
DA:74,10
DA:75,10
DA:76,10
DA:77,10
DA:78,10
DA:79,1
DA:80,10
DA:81,10
DA:82,10
DA:83,1
DA:84,1
DA:85,1
DA:86,0
DA:87,0
DA:91,10
DA:92,10
DA:93,10
DA:94,10
DA:95,1
DA:100,27
DA:101,2
DA:102,2
DA:103,2
DA:104,2
DA:106,2
DA:107,2
DA:108,2
DA:109,2
DA:110,2
DA:111,2
DA:113,2
DA:114,2
DA:115,0
DA:116,0
DA:119,2
DA:131,27
DA:134,11
DA:135,10
DA:139,27
DA:141,11
DA:142,11
DA:143,11
DA:149,27
DA:151,6
DA:152,6
DA:153,6
DA:155,6
DA:156,6
DA:157,6
DA:158,3
DA:159,3
DA:160,3
DA:161,3
DA:162,3
DA:163,3
DA:165,3
DA:166,3
DA:167,3
DA:170,3
DA:171,3
DA:172,3
DA:175,3
DA:176,3
DA:177,3
DA:178,3
DA:180,3
DA:181,3
DA:182,3
DA:183,3
DA:184,3
DA:185,3
DA:193,27
DA:195,6
DA:196,1
DA:198,6
DA:199,6
DA:200,0
DA:202,6
DA:203,6
DA:208,27
DA:209,5
DA:212,27
DA:213,16
DA:214,5
DA:215,5
DA:216,5
DA:219,16
DA:220,6
DA:221,6
DA:222,6
DA:225,16
DA:226,3
DA:227,2
DA:228,2
DA:229,2
DA:230,1
DA:231,1
DA:232,1
DA:233,1
DA:236,16
DA:237,16
DA:238,16
DA:239,16
DA:240,16
DA:241,16
DA:242,16
DA:243,16
DA:244,16
DA:261,27
DA:262,11
DA:263,11
DA:264,9
DA:268,27
DA:269,19
DA:270,19
DA:271,8
DA:272,0
DA:273,0
DA:274,0
DA:277,8
DA:281,27
LF:137
LH:129
BRDA:40,0,0,27
BRDA:41,1,0,6
BRDA:42,2,0,6
BRDA:43,3,0,27
BRDA:45,4,0,27
BRDA:48,5,0,0
BRDA:50,6,0,27
BRDA:55,7,0,27
BRDA:72,8,0,1
BRDA:72,8,1,9
BRDA:77,9,0,10
BRDA:77,9,1,0
BRDA:78,10,0,10
BRDA:78,10,1,1
BRDA:85,11,0,0
BRDA:85,11,1,1
BRDA:91,12,0,10
BRDA:91,12,1,0
BRDA:102,13,0,2
BRDA:102,13,1,0
BRDA:107,14,0,2
BRDA:107,14,1,0
BRDA:109,15,0,2
BRDA:109,15,1,0
BRDA:114,16,0,0
BRDA:114,16,1,2
BRDA:134,17,0,10
BRDA:134,17,1,1
BRDA:142,18,0,11
BRDA:142,18,1,0
BRDA:155,19,0,6
BRDA:155,19,1,0
BRDA:155,20,0,6
BRDA:155,20,1,6
BRDA:157,21,0,3
BRDA:157,21,1,3
BRDA:161,22,0,3
BRDA:161,22,1,0
BRDA:166,23,0,3
BRDA:166,23,1,0
BRDA:176,24,0,3
BRDA:176,24,1,0
BRDA:181,25,0,3
BRDA:181,25,1,0
BRDA:195,26,0,1
BRDA:195,26,1,5
BRDA:199,27,0,0
BRDA:199,27,1,6
BRDA:199,28,0,6
BRDA:199,28,1,6
BRDA:215,29,0,5
BRDA:215,29,1,5
BRDA:215,29,2,5
BRDA:221,30,0,6
BRDA:221,30,1,6
BRDA:221,30,2,6
BRDA:226,31,0,2
BRDA:226,31,1,1
BRDA:226,32,0,3
BRDA:226,32,1,2
BRDA:230,33,0,1
BRDA:230,33,1,0
BRDA:237,34,0,16
BRDA:237,34,1,0
BRDA:263,35,0,9
BRDA:263,35,1,2
BRDA:270,36,0,8
BRDA:270,36,1,11
BRDA:271,37,0,0
BRDA:271,37,1,8
BRDA:273,38,0,0
BRDA:273,38,1,0
BRDA:288,39,0,27
BRDA:288,39,1,27
BRF:74
BRH:54
end_of_record
